Arguments: 
  /usr/local/bin/node /snap/node/6378/bin/yarn.js global dir

PATH: 
  /usr/local/sbin:/usr/local/bin:/usr/sbin:/usr/bin:/sbin:/bin:/usr/games:/usr/local/games:/snap/bin:/snap/bin

Yarn version: 
  1.22.19

Node version: 
  16.15.0

Platform: 
  linux x64

Trace: 
  Error: EACCES: permission denied, write
      at writeSync (node:fs:888:3)
      at SyncWriteStream._write (node:internal/fs/sync_write_stream:25:3)
      at writeOrBuffer (node:internal/streams/writable:389:12)
      at _write (node:internal/streams/writable:330:10)
      at SyncWriteStream.Writable.write (node:internal/streams/writable:334:10)
      at ConsoleReporter._log (/snap/node/6378/lib/cli.js:92833:17)
      at ConsoleReporter.log (/snap/node/6378/lib/cli.js:92821:10)
      at dir (/snap/node/6378/lib/cli.js:36307:14)
      at Object.<anonymous> (/snap/node/6378/lib/cli.js:25987:25)
      at Generator.next (<anonymous>)

npm manifest: 
  {
    "name": "rnhblog",
    "version": "1.0.0",
    "main": "node_modules/expo/AppEntry.js",
    "scripts": {
      "start": "expo start",
      "android": "expo start --android",
      "ios": "expo start --ios",
      "web": "expo start --web",
      "eject": "expo eject"
    },
    "dependencies": {
      "expo": "~45.0.0",
      "expo-status-bar": "~1.3.0",
      "react": "17.0.2",
      "react-dom": "17.0.2",
      "react-native": "0.68.2",
      "react-native-web": "0.17.7"
    },
    "devDependencies": {
      "@babel/core": "^7.12.9"
    },
    "private": true
  }

yarn manifest: 
  No manifest

Lockfile: 
  No lockfile
